<?xml version="1.0" encoding="UTF-8"?>
<testng-results ignored="0" total="1" passed="1" failed="0" skipped="0">
  <reporter-output>
  </reporter-output>
  <suite started-at="2025-08-25T13:15:39 IST" name="Surefire suite" finished-at="2025-08-25T13:15:44 IST" duration-ms="4787">
    <groups>
    </groups>
    <test started-at="2025-08-25T13:15:39 IST" name="Surefire test" finished-at="2025-08-25T13:15:44 IST" duration-ms="4787">
      <class name="runner.SeleniumLog4jTest">
        <test-method is-config="true" signature="setUp()[pri:0, instance:runner.SeleniumLog4jTest@3a0baae5]" started-at="2025-08-25T13:15:39 IST" name="setUp" finished-at="2025-08-25T13:15:43 IST" duration-ms="3428" status="PASS">
          <reporter-output>
          </reporter-output>
        </test-method> <!-- setUp -->
        <test-method signature="openExampleDotCom()[pri:0, instance:runner.SeleniumLog4jTest@3a0baae5]" started-at="2025-08-25T13:15:43 IST" name="openExampleDotCom" finished-at="2025-08-25T13:15:44 IST" duration-ms="1092" status="PASS">
          <reporter-output>
          </reporter-output>
        </test-method> <!-- openExampleDotCom -->
        <test-method is-config="true" signature="tearDown()[pri:0, instance:runner.SeleniumLog4jTest@3a0baae5]" started-at="2025-08-25T13:15:44 IST" name="tearDown" finished-at="2025-08-25T13:15:44 IST" duration-ms="222" status="PASS">
          <reporter-output>
          </reporter-output>
        </test-method> <!-- tearDown -->
      </class> <!-- runner.SeleniumLog4jTest -->
    </test> <!-- Surefire test -->
  </suite> <!-- Surefire suite -->
</testng-results>
