<?xml version="1.0" encoding="UTF-8"?>
<testng-results ignored="0" total="1" passed="1" failed="0" skipped="0">
  <reporter-output>
  </reporter-output>
  <suite started-at="2025-08-25T10:25:37 IST" name="Surefire suite" finished-at="2025-08-25T10:25:50 IST" duration-ms="13075">
    <groups>
    </groups>
    <test started-at="2025-08-25T10:25:37 IST" name="Surefire test" finished-at="2025-08-25T10:25:50 IST" duration-ms="13075">
      <class name="runner.TestExtentReport">
        <test-method is-config="true" signature="setup()[pri:0, instance:runner.TestExtentReport@d4342c2]" started-at="2025-08-25T10:25:37 IST" name="setup" finished-at="2025-08-25T10:25:43 IST" duration-ms="6116" status="PASS">
          <reporter-output>
          </reporter-output>
        </test-method> <!-- setup -->
        <test-method signature="test1()[pri:0, instance:runner.TestExtentReport@d4342c2]" started-at="2025-08-25T10:25:43 IST" name="test1" finished-at="2025-08-25T10:25:49 IST" duration-ms="5812" status="PASS">
          <reporter-output>
          </reporter-output>
        </test-method> <!-- test1 -->
        <test-method is-config="true" signature="teardown()[pri:0, instance:runner.TestExtentReport@d4342c2]" started-at="2025-08-25T10:25:49 IST" name="teardown" finished-at="2025-08-25T10:25:50 IST" duration-ms="1110" status="PASS">
          <reporter-output>
          </reporter-output>
        </test-method> <!-- teardown -->
      </class> <!-- runner.TestExtentReport -->
    </test> <!-- Surefire test -->
  </suite> <!-- Surefire suite -->
</testng-results>
